Using pre-set license
Built from '2021.1/staging' branch; Version is '2021.1.17f1 (03b40fe07a36) revision 242703'; Using compiler version '192528614'; Build Type 'Release'
OS: 'Windows 10 Pro; OS build 19043.1415; Version 2009; 64bit' Language: 'en' Physical Memory: 8174 MB
BatchMode: 1, IsHumanControllingUs: 0, StartBugReporterOnCrash: 0, Is64bit: 1, IsPro: 0

 COMMAND LINE ARGUMENTS:
C:\Users\Blast Bleat\Desktop\Game Dev\2021.1.17f1\Editor\Unity.exe
-adb2
-batchMode
-noUpm
-name
AssetImportWorker3
-projectPath
C:/Users/Blast Bleat/Desktop/Coding/MicrobialNightmare
-logFile
Logs/AssetImportWorker3.log
-srvPort
62932
Successfully changed project path to: C:/Users/Blast Bleat/Desktop/Coding/MicrobialNightmare
C:/Users/Blast Bleat/Desktop/Coding/MicrobialNightmare
Using Asset Import Pipeline V2.
Refreshing native plugins compatible for Editor in 5085.89 ms, found 4 plugins.
Preloading 0 native plugins for Editor in 0.00 ms.
Initialize engine version: 2021.1.17f1 (03b40fe07a36)
[Subsystems] Discovering subsystems at path C:/Users/Blast Bleat/Desktop/Game Dev/2021.1.17f1/Editor/Data/Resources/UnitySubsystems
[Subsystems] Discovering subsystems at path C:/Users/Blast Bleat/Desktop/Coding/MicrobialNightmare/Assets
GfxDevice: creating device client; threaded=0; jobified=0
