Using pre-set license
Built from '2021.1/staging' branch; Version is '2021.1.17f1 (03b40fe07a36) revision 242703'; Using compiler version '192528614'; Build Type 'Release'
OS: 'Windows 10 Pro; OS build 19043.1165; Version 2009; 64bit' Language: 'en' Physical Memory: 8174 MB
BatchMode: 1, IsHumanControllingUs: 0, StartBugReporterOnCrash: 0, Is64bit: 1, IsPro: 0

 COMMAND LINE ARGUMENTS:
C:\Users\Blast Bleat\Desktop\Game Dev\2021.1.17f1\Editor\Unity.exe
-adb2
-batchMode
-noUpm
-name
AssetImportWorker0
-projectPath
C:/Users/Blast Bleat/Desktop/Coding/MicrobialNightmare
-logFile
Logs/AssetImportWorker0.log
-srvPort
55557
Successfully changed project path to: C:/Users/Blast Bleat/Desktop/Coding/MicrobialNightmare
C:/Users/Blast Bleat/Desktop/Coding/MicrobialNightmare
Using Asset Import Pipeline V2.
Refreshing native plugins compatible for Editor in 204.23 ms, found 4 plugins.
Preloading 0 native plugins for Editor in 0.00 ms.
Initialize engine version: 2021.1.17f1 (03b40fe07a36)
[Subsystems] Discovering subsystems at path C:/Users/Blast Bleat/Desktop/Game Dev/2021.1.17f1/Editor/Data/Resources/UnitySubsystems
[Subsystems] Discovering subsystems at path C:/Users/Blast Bleat/Desktop/Coding/MicrobialNightmare/Assets
GfxDevice: creating device client; threaded=0; jobified=0
Direct3D:
    Version:  Direct3D 11.0 [level 11.1]
    Renderer: NVIDIA GeForce GTX 960 (ID=0x1401)
    Vendor:   NVIDIA
    VRAM:     2007 MB
    Driver:   27.21.14.6589
Initialize mono
Mono path[0] = 'C:/Users/Blast Bleat/Desktop/Game Dev/2021.1.17f1/Editor/Data/Managed'
Mono path[1] = 'C:/Users/Blast Bleat/Desktop/Game Dev/2021.1.17f1/Editor/Data/MonoBleedingEdge/lib/mono/unityjit'
Mono config path = 'C:/Users/Blast Bleat/Desktop/Game Dev/2021.1.17f1/Editor/Data/MonoBleedingEdge/etc'
Using monoOptions --debugger-agent=transport=dt_socket,embedding=1,server=y,suspend=n,address=127.0.0.1:56260
Begin MonoManager ReloadAssembly
Registering precompiled unity dll's ...
Register platform support module: C:/Users/Blast Bleat/Desktop/Game Dev/2021.1.17f1/Editor/Data/PlaybackEngines/WindowsStandaloneSupport/UnityEditor.WindowsStandalone.Extensions.dll
Registered in 0.006500 seconds.
Native extension for WindowsStandalone target not found
Refreshing native plugins compatible for Editor in 236.67 ms, found 4 plugins.
Preloading 0 native plugins for Editor in 0.00 ms.
Mono: successfully reloaded assembly
- Completed reload, in  6.924 seconds
Domain Reload Profiling:
	ReloadAssembly (6924ms)
		BeginReloadAssembly (162ms)
			ExecutionOrderSort (0ms)
			DisableScriptedObjects (0ms)
			BackupInstance (0ms)
			ReleaseScriptingObjects (0ms)
			CreateAndSetChildDomain (2ms)
		EndReloadAssembly (1162ms)
			LoadAssemblies (155ms)
			RebuildTransferFunctionScriptingTraits (0ms)
			SetupTypeCache (429ms)
			ReleaseScriptCaches (0ms)
			RebuildScriptCaches (76ms)
			SetupLoadedEditorAssemblies (537ms)
				LogAssemblyErrors (0ms)
				InitializePlatformSupportModulesInManaged (15ms)
				SetLoadedEditorAssemblies (0ms)
				RefreshPlugins (237ms)
				BeforeProcessingInitializeOnLoad (3ms)
				ProcessInitializeOnLoadAttributes (213ms)
				ProcessInitializeOnLoadMethodAttributes (69ms)
				AfterProcessingInitializeOnLoad (0ms)
				EditorAssembliesLoaded (0ms)
			ExecutionOrderSort2 (0ms)
			AwakeInstancesAfterBackupRestoration (0ms)
Platform modules already initialized, skipping
Registering precompiled user dll's ...
Registered in 0.021323 seconds.
Begin MonoManager ReloadAssembly
Symbol file LoadedFromMemory doesn't match image C:\Users\Blast Bleat\Desktop\Coding\MicrobialNightmare\Library\PackageCache\com.unity.visualscripting@1.6.1\Editor\VisualScripting.Core\Dependencies\YamlDotNet\Unity.VisualScripting.YamlDotNet.dll
Symbol file LoadedFromMemory doesn't match image C:\Users\Blast Bleat\Desktop\Coding\MicrobialNightmare\Library\PackageCache\com.unity.visualscripting@1.6.1\Editor\VisualScripting.Core\Dependencies\DotNetZip\Unity.VisualScripting.IonicZip.dll
Native extension for WindowsStandalone target not found
Refreshing native plugins compatible for Editor in 235.70 ms, found 4 plugins.
Preloading 0 native plugins for Editor in 0.00 ms.
Mono: successfully reloaded assembly
- Completed reload, in  3.228 seconds
Domain Reload Profiling:
	ReloadAssembly (3229ms)
		BeginReloadAssembly (406ms)
			ExecutionOrderSort (0ms)
			DisableScriptedObjects (10ms)
			BackupInstance (0ms)
			ReleaseScriptingObjects (1ms)
			CreateAndSetChildDomain (62ms)
		EndReloadAssembly (2632ms)
			LoadAssemblies (247ms)
			RebuildTransferFunctionScriptingTraits (0ms)
			SetupTypeCache (902ms)
			ReleaseScriptCaches (2ms)
			RebuildScriptCaches (135ms)
			SetupLoadedEditorAssemblies (1154ms)
				LogAssemblyErrors (0ms)
				InitializePlatformSupportModulesInManaged (10ms)
				SetLoadedEditorAssemblies (1ms)
				RefreshPlugins (236ms)
				BeforeProcessingInitializeOnLoad (202ms)
				ProcessInitializeOnLoadAttributes (654ms)
				ProcessInitializeOnLoadMethodAttributes (31ms)
				AfterProcessingInitializeOnLoad (19ms)
				EditorAssembliesLoaded (0ms)
			ExecutionOrderSort2 (0ms)
			AwakeInstancesAfterBackupRestoration (13ms)
Platform modules already initialized, skipping
========================================================================
Worker process is ready to serve import requests
Launched and connected shader compiler UnityShaderCompiler.exe after 0.10 seconds
Refreshing native plugins compatible for Editor in 1.27 ms, found 4 plugins.
Preloading 0 native plugins for Editor in 0.00 ms.
Unloading 3838 Unused Serialized files (Serialized files now loaded: 0)
System memory in use before: 142.3 MB.
System memory in use after: 142.5 MB.

Unloading 33 unused Assets to reduce memory usage. Loaded Objects now: 4287.
Total: 7.196100 ms (FindLiveObjects: 0.674000 ms CreateObjectMapping: 0.433000 ms MarkObjects: 5.975800 ms  DeleteObjects: 0.110800 ms)

AssetImportParameters requested are different than current active one (requested -> active):
  custom:framework-win-MediaFoundation: 216162199b28c13a410421893ffa2e32 -> 
  custom:video-decoder-ogg-theora: a1e56fd34408186e4bbccfd4996cb3dc -> 
  custom:container-muxer-webm: aa71ff27fc2769a1b78a27578f13a17b -> 
  custom:container-demuxer-webm: 4f35f7cbe854078d1ac9338744f61a02 -> 
  custom:container-demuxer-ogg: 62fdf1f143b41e24485cea50d1cbac27 -> 
  custom:video-encoder-webm-vp8: eb34c28f22e8b96e1ab97ce403110664 -> 
  custom:video-decoder-webm-vp8: 9c59270c3fd7afecdb556c50c9e8de78 -> 
  custom:audio-decoder-ogg-vorbis: bf7c407c2cedff20999df2af8eb42d56 -> 
  custom:audio-encoder-webm-vorbis: bf7c407c2cedff20999df2af8eb42d56 -> 
========================================================================
Received Import Request.
  path: Assets/Prefabs/RustTIle2.prefab
  artifactKey: Guid(fea6dcbdcaed1d7489d0c26be96ec9b0) Importer(815301076,1909f56bfc062723c751e8b465ee728b)
Start importing Assets/Prefabs/RustTIle2.prefab using Guid(fea6dcbdcaed1d7489d0c26be96ec9b0) Importer(815301076,1909f56bfc062723c751e8b465ee728b)  -> (artifact id: '1d025a00401335a2b70ada5e63b821f6') in 0.251337 seconds 
========================================================================
Received Import Request.
  Time since last request: 1511.735397 seconds.
  path: Assets/NewSprites
  artifactKey: Guid(71dd382a736fb1e459c204a2b4d43537) Importer(815301076,1909f56bfc062723c751e8b465ee728b)
Start importing Assets/NewSprites using Guid(71dd382a736fb1e459c204a2b4d43537) Importer(815301076,1909f56bfc062723c751e8b465ee728b)  -> (artifact id: 'ec97ce129d82c4ba9955d231bd35e63e') in 0.079500 seconds 
========================================================================
Received Import Request.
  Time since last request: 4.186926 seconds.
  path: Assets/Sprites2
  artifactKey: Guid(71dd382a736fb1e459c204a2b4d43537) Importer(815301076,1909f56bfc062723c751e8b465ee728b)
Start importing Assets/Sprites2 using Guid(71dd382a736fb1e459c204a2b4d43537) Importer(815301076,1909f56bfc062723c751e8b465ee728b)  -> (artifact id: '37969b0c43bc31c9f05d517fbf7071af') in 0.010935 seconds 
========================================================================
Received Import Request.
  Time since last request: 11.283177 seconds.
  path: Assets/Sprites2(NewAssets)
  artifactKey: Guid(71dd382a736fb1e459c204a2b4d43537) Importer(815301076,1909f56bfc062723c751e8b465ee728b)
Start importing Assets/Sprites2(NewAssets) using Guid(71dd382a736fb1e459c204a2b4d43537) Importer(815301076,1909f56bfc062723c751e8b465ee728b)  -> (artifact id: 'b7fe7b1f2393da336abdce5fabe12608') in 0.013704 seconds 
